<?xml version="1.0" encoding="UTF-8"?>
<testsuite xmlns:xsi="http://www.w3.org/2001/XMLSchema-instance" xsi:noNamespaceSchemaLocation="https://maven.apache.org/surefire/maven-surefire-plugin/xsd/surefire-test-report-3.0.xsd" version="3.0" name="io.segtnan.hapi.SegtnanQuestionnaireResponseResourceProviderTest" time="1.162" tests="2" errors="0" skipped="0" failures="0">
  <properties>
    <property name="sun.desktop" value="gnome"/>
    <property name="awt.toolkit" value="sun.awt.X11.XToolkit"/>
    <property name="java.specification.version" value="11"/>
    <property name="sun.cpu.isalist" value=""/>
    <property name="sun.jnu.encoding" value="UTF-8"/>
    <property name="java.class.path" value="/home/boegebjerg/programming/federation/target/test-classes:/home/boegebjerg/programming/federation/target/classes:/home/boegebjerg/.m2/repository/ca/uhn/hapi/fhir/hapi-fhir-base/6.0.0/hapi-fhir-base-6.0.0.jar:/home/boegebjerg/.m2/repository/com/fasterxml/jackson/datatype/jackson-datatype-jsr310/2.13.2/jackson-datatype-jsr310-2.13.2.jar:/home/boegebjerg/.m2/repository/com/fasterxml/jackson/core/jackson-annotations/2.13.2/jackson-annotations-2.13.2.jar:/home/boegebjerg/.m2/repository/com/fasterxml/jackson/core/jackson-core/2.13.2/jackson-core-2.13.2.jar:/home/boegebjerg/.m2/repository/com/fasterxml/jackson/core/jackson-databind/2.13.2.2/jackson-databind-2.13.2.2.jar:/home/boegebjerg/.m2/repository/org/apache/commons/commons-lang3/3.12.0/commons-lang3-3.12.0.jar:/home/boegebjerg/.m2/repository/org/apache/commons/commons-text/1.9/commons-text-1.9.jar:/home/boegebjerg/.m2/repository/commons-codec/commons-codec/1.15/commons-codec-1.15.jar:/home/boegebjerg/.m2/repository/commons-io/commons-io/2.11.0/commons-io-2.11.0.jar:/home/boegebjerg/.m2/repository/com/google/guava/guava/31.0.1-jre/guava-31.0.1-jre.jar:/home/boegebjerg/.m2/repository/com/google/guava/failureaccess/1.0.1/failureaccess-1.0.1.jar:/home/boegebjerg/.m2/repository/com/google/guava/listenablefuture/9999.0-empty-to-avoid-conflict-with-guava/listenablefuture-9999.0-empty-to-avoid-conflict-with-guava.jar:/home/boegebjerg/.m2/repository/org/checkerframework/checker-qual/3.12.0/checker-qual-3.12.0.jar:/home/boegebjerg/.m2/repository/com/google/errorprone/error_prone_annotations/2.7.1/error_prone_annotations-2.7.1.jar:/home/boegebjerg/.m2/repository/com/google/j2objc/j2objc-annotations/1.3/j2objc-annotations-1.3.jar:/home/boegebjerg/.m2/repository/org/slf4j/slf4j-api/1.7.33/slf4j-api-1.7.33.jar:/home/boegebjerg/.m2/repository/org/slf4j/jcl-over-slf4j/1.7.33/jcl-over-slf4j-1.7.33.jar:/home/boegebjerg/.m2/repository/com/google/code/findbugs/jsr305/3.0.2/jsr305-3.0.2.jar:/home/boegebjerg/.m2/repository/ca/uhn/hapi/fhir/hapi-fhir-server/6.0.0/hapi-fhir-server-6.0.0.jar:/home/boegebjerg/.m2/repository/ca/uhn/hapi/fhir/org.hl7.fhir.utilities/5.6.36/org.hl7.fhir.utilities-5.6.36.jar:/home/boegebjerg/.m2/repository/org/apache/httpcomponents/httpcore/4.4.13/httpcore-4.4.13.jar:/home/boegebjerg/.m2/repository/org/springframework/spring-messaging/5.3.19/spring-messaging-5.3.19.jar:/home/boegebjerg/.m2/repository/org/springframework/spring-beans/5.3.19/spring-beans-5.3.19.jar:/home/boegebjerg/.m2/repository/org/springframework/spring-core/5.3.19/spring-core-5.3.19.jar:/home/boegebjerg/.m2/repository/org/springframework/spring-jcl/5.3.19/spring-jcl-5.3.19.jar:/home/boegebjerg/.m2/repository/org/springframework/batch/spring-batch-core/4.3.3/spring-batch-core-4.3.3.jar:/home/boegebjerg/.m2/repository/io/micrometer/micrometer-core/1.5.14/micrometer-core-1.5.14.jar:/home/boegebjerg/.m2/repository/org/hdrhistogram/HdrHistogram/2.1.12/HdrHistogram-2.1.12.jar:/home/boegebjerg/.m2/repository/org/latencyutils/LatencyUtils/2.0.3/LatencyUtils-2.0.3.jar:/home/boegebjerg/.m2/repository/javax/batch/javax.batch-api/1.0/javax.batch-api-1.0.jar:/home/boegebjerg/.m2/repository/org/codehaus/jettison/jettison/1.2/jettison-1.2.jar:/home/boegebjerg/.m2/repository/org/springframework/batch/spring-batch-infrastructure/4.3.3/spring-batch-infrastructure-4.3.3.jar:/home/boegebjerg/.m2/repository/org/springframework/retry/spring-retry/1.3.1/spring-retry-1.3.1.jar:/home/boegebjerg/.m2/repository/javax/annotation/javax.annotation-api/1.3.2/javax.annotation-api-1.3.2.jar:/home/boegebjerg/.m2/repository/org/springframework/spring-aop/5.3.7/spring-aop-5.3.7.jar:/home/boegebjerg/.m2/repository/org/springframework/spring-context/5.3.7/spring-context-5.3.7.jar:/home/boegebjerg/.m2/repository/org/springframework/spring-expression/5.3.7/spring-expression-5.3.7.jar:/home/boegebjerg/.m2/repository/org/springframework/spring-tx/5.3.7/spring-tx-5.3.7.jar:/home/boegebjerg/.m2/repository/org/simplejavamail/simple-java-mail/6.6.1/simple-java-mail-6.6.1.jar:/home/boegebjerg/.m2/repository/org/simplejavamail/core-module/6.6.1/core-module-6.6.1.jar:/home/boegebjerg/.m2/repository/com/sun/mail/jakarta.mail/1.6.5/jakarta.mail-1.6.5.jar:/home/boegebjerg/.m2/repository/com/sun/activation/jakarta.activation/1.2.1/jakarta.activation-1.2.1.jar:/home/boegebjerg/.m2/repository/jakarta/xml/bind/jakarta.xml.bind-api/2.3.2/jakarta.xml.bind-api-2.3.2.jar:/home/boegebjerg/.m2/repository/jakarta/activation/jakarta.activation-api/1.2.1/jakarta.activation-api-1.2.1.jar:/home/boegebjerg/.m2/repository/com/github/bbottema/emailaddress-rfc2822/2.2.0/emailaddress-rfc2822-2.2.0.jar:/home/boegebjerg/.m2/repository/com/github/bbottema/jetbrains-runtime-annotations/1.0.0/jetbrains-runtime-annotations-1.0.0.jar:/home/boegebjerg/.m2/repository/org/apache/commons/commons-collections4/4.4/commons-collections4-4.4.jar:/home/boegebjerg/.m2/repository/ca/uhn/hapi/fhir/hapi-fhir-structures-r4/6.0.0/hapi-fhir-structures-r4-6.0.0.jar:/home/boegebjerg/.m2/repository/com/squareup/okhttp3/okhttp/3.8.1/okhttp-3.8.1.jar:/home/boegebjerg/.m2/repository/com/squareup/okio/okio/1.13.0/okio-1.13.0.jar:/home/boegebjerg/.m2/repository/ca/uhn/hapi/fhir/org.hl7.fhir.r4/5.6.36/org.hl7.fhir.r4-5.6.36.jar:/home/boegebjerg/.m2/repository/ca/uhn/hapi/fhir/hapi-fhir-validation-resources-r4/6.0.0/hapi-fhir-validation-resources-r4-6.0.0.jar:/home/boegebjerg/.m2/repository/com/phloc/phloc-schematron/2.7.0/phloc-schematron-2.7.0.jar:/home/boegebjerg/.m2/repository/com/phloc/phloc-commons/4.3.3/phloc-commons-4.3.3.jar:/home/boegebjerg/.m2/repository/com/google/code/findbugs/annotations/2.0.3/annotations-2.0.3.jar:/home/boegebjerg/.m2/repository/net/sf/saxon/Saxon-HE/9.5.1-5/Saxon-HE-9.5.1-5.jar:/home/boegebjerg/.m2/repository/ch/qos/logback/logback-classic/1.2.3/logback-classic-1.2.3.jar:/home/boegebjerg/.m2/repository/ch/qos/logback/logback-core/1.2.3/logback-core-1.2.3.jar:/home/boegebjerg/.m2/repository/javax/servlet/javax.servlet-api/3.0.1/javax.servlet-api-3.0.1.jar:/home/boegebjerg/.m2/repository/org/apache/derby/derby/10.14.2.0/derby-10.14.2.0.jar:/home/boegebjerg/.m2/repository/org/apache/derby/derbyclient/10.14.2.0/derbyclient-10.14.2.0.jar:/home/boegebjerg/.m2/repository/org/apache/derby/derbytools/10.14.2.0/derbytools-10.14.2.0.jar:/home/boegebjerg/.m2/repository/org/json/json/20220924/json-20220924.jar:/home/boegebjerg/.m2/repository/org/junit/jupiter/junit-jupiter-engine/5.4.0/junit-jupiter-engine-5.4.0.jar:/home/boegebjerg/.m2/repository/org/apiguardian/apiguardian-api/1.0.0/apiguardian-api-1.0.0.jar:/home/boegebjerg/.m2/repository/org/junit/platform/junit-platform-engine/1.4.0/junit-platform-engine-1.4.0.jar:/home/boegebjerg/.m2/repository/org/opentest4j/opentest4j/1.1.1/opentest4j-1.1.1.jar:/home/boegebjerg/.m2/repository/org/junit/platform/junit-platform-commons/1.4.0/junit-platform-commons-1.4.0.jar:/home/boegebjerg/.m2/repository/org/junit/jupiter/junit-jupiter-api/5.4.0/junit-jupiter-api-5.4.0.jar:/home/boegebjerg/.m2/repository/org/mockito/mockito-core/2.22.0/mockito-core-2.22.0.jar:/home/boegebjerg/.m2/repository/net/bytebuddy/byte-buddy/1.8.21/byte-buddy-1.8.21.jar:/home/boegebjerg/.m2/repository/net/bytebuddy/byte-buddy-agent/1.8.21/byte-buddy-agent-1.8.21.jar:/home/boegebjerg/.m2/repository/org/objenesis/objenesis/2.6/objenesis-2.6.jar:"/>
    <property name="java.vm.vendor" value="Ubuntu"/>
    <property name="sun.arch.data.model" value="64"/>
    <property name="java.vendor.url" value="https://ubuntu.com/"/>
    <property name="user.timezone" value="Europe/Copenhagen"/>
    <property name="java.vm.specification.version" value="11"/>
    <property name="os.name" value="Linux"/>
    <property name="sun.java.launcher" value="SUN_STANDARD"/>
    <property name="user.country" value="US"/>
    <property name="sun.boot.library.path" value="/usr/lib/jvm/java-11-openjdk-amd64/lib"/>
    <property name="sun.java.command" value="/home/boegebjerg/programming/federation/target/surefire/surefirebooter-20221212062443642_3.jar /home/boegebjerg/programming/federation/target/surefire 2022-12-12T06-24-43_395-jvmRun1 surefire-20221212062443642_1tmp surefire_0-20221212062443642_2tmp"/>
    <property name="jdk.debug" value="release"/>
    <property name="surefire.test.class.path" value="/home/boegebjerg/programming/federation/target/test-classes:/home/boegebjerg/programming/federation/target/classes:/home/boegebjerg/.m2/repository/ca/uhn/hapi/fhir/hapi-fhir-base/6.0.0/hapi-fhir-base-6.0.0.jar:/home/boegebjerg/.m2/repository/com/fasterxml/jackson/datatype/jackson-datatype-jsr310/2.13.2/jackson-datatype-jsr310-2.13.2.jar:/home/boegebjerg/.m2/repository/com/fasterxml/jackson/core/jackson-annotations/2.13.2/jackson-annotations-2.13.2.jar:/home/boegebjerg/.m2/repository/com/fasterxml/jackson/core/jackson-core/2.13.2/jackson-core-2.13.2.jar:/home/boegebjerg/.m2/repository/com/fasterxml/jackson/core/jackson-databind/2.13.2.2/jackson-databind-2.13.2.2.jar:/home/boegebjerg/.m2/repository/org/apache/commons/commons-lang3/3.12.0/commons-lang3-3.12.0.jar:/home/boegebjerg/.m2/repository/org/apache/commons/commons-text/1.9/commons-text-1.9.jar:/home/boegebjerg/.m2/repository/commons-codec/commons-codec/1.15/commons-codec-1.15.jar:/home/boegebjerg/.m2/repository/commons-io/commons-io/2.11.0/commons-io-2.11.0.jar:/home/boegebjerg/.m2/repository/com/google/guava/guava/31.0.1-jre/guava-31.0.1-jre.jar:/home/boegebjerg/.m2/repository/com/google/guava/failureaccess/1.0.1/failureaccess-1.0.1.jar:/home/boegebjerg/.m2/repository/com/google/guava/listenablefuture/9999.0-empty-to-avoid-conflict-with-guava/listenablefuture-9999.0-empty-to-avoid-conflict-with-guava.jar:/home/boegebjerg/.m2/repository/org/checkerframework/checker-qual/3.12.0/checker-qual-3.12.0.jar:/home/boegebjerg/.m2/repository/com/google/errorprone/error_prone_annotations/2.7.1/error_prone_annotations-2.7.1.jar:/home/boegebjerg/.m2/repository/com/google/j2objc/j2objc-annotations/1.3/j2objc-annotations-1.3.jar:/home/boegebjerg/.m2/repository/org/slf4j/slf4j-api/1.7.33/slf4j-api-1.7.33.jar:/home/boegebjerg/.m2/repository/org/slf4j/jcl-over-slf4j/1.7.33/jcl-over-slf4j-1.7.33.jar:/home/boegebjerg/.m2/repository/com/google/code/findbugs/jsr305/3.0.2/jsr305-3.0.2.jar:/home/boegebjerg/.m2/repository/ca/uhn/hapi/fhir/hapi-fhir-server/6.0.0/hapi-fhir-server-6.0.0.jar:/home/boegebjerg/.m2/repository/ca/uhn/hapi/fhir/org.hl7.fhir.utilities/5.6.36/org.hl7.fhir.utilities-5.6.36.jar:/home/boegebjerg/.m2/repository/org/apache/httpcomponents/httpcore/4.4.13/httpcore-4.4.13.jar:/home/boegebjerg/.m2/repository/org/springframework/spring-messaging/5.3.19/spring-messaging-5.3.19.jar:/home/boegebjerg/.m2/repository/org/springframework/spring-beans/5.3.19/spring-beans-5.3.19.jar:/home/boegebjerg/.m2/repository/org/springframework/spring-core/5.3.19/spring-core-5.3.19.jar:/home/boegebjerg/.m2/repository/org/springframework/spring-jcl/5.3.19/spring-jcl-5.3.19.jar:/home/boegebjerg/.m2/repository/org/springframework/batch/spring-batch-core/4.3.3/spring-batch-core-4.3.3.jar:/home/boegebjerg/.m2/repository/io/micrometer/micrometer-core/1.5.14/micrometer-core-1.5.14.jar:/home/boegebjerg/.m2/repository/org/hdrhistogram/HdrHistogram/2.1.12/HdrHistogram-2.1.12.jar:/home/boegebjerg/.m2/repository/org/latencyutils/LatencyUtils/2.0.3/LatencyUtils-2.0.3.jar:/home/boegebjerg/.m2/repository/javax/batch/javax.batch-api/1.0/javax.batch-api-1.0.jar:/home/boegebjerg/.m2/repository/org/codehaus/jettison/jettison/1.2/jettison-1.2.jar:/home/boegebjerg/.m2/repository/org/springframework/batch/spring-batch-infrastructure/4.3.3/spring-batch-infrastructure-4.3.3.jar:/home/boegebjerg/.m2/repository/org/springframework/retry/spring-retry/1.3.1/spring-retry-1.3.1.jar:/home/boegebjerg/.m2/repository/javax/annotation/javax.annotation-api/1.3.2/javax.annotation-api-1.3.2.jar:/home/boegebjerg/.m2/repository/org/springframework/spring-aop/5.3.7/spring-aop-5.3.7.jar:/home/boegebjerg/.m2/repository/org/springframework/spring-context/5.3.7/spring-context-5.3.7.jar:/home/boegebjerg/.m2/repository/org/springframework/spring-expression/5.3.7/spring-expression-5.3.7.jar:/home/boegebjerg/.m2/repository/org/springframework/spring-tx/5.3.7/spring-tx-5.3.7.jar:/home/boegebjerg/.m2/repository/org/simplejavamail/simple-java-mail/6.6.1/simple-java-mail-6.6.1.jar:/home/boegebjerg/.m2/repository/org/simplejavamail/core-module/6.6.1/core-module-6.6.1.jar:/home/boegebjerg/.m2/repository/com/sun/mail/jakarta.mail/1.6.5/jakarta.mail-1.6.5.jar:/home/boegebjerg/.m2/repository/com/sun/activation/jakarta.activation/1.2.1/jakarta.activation-1.2.1.jar:/home/boegebjerg/.m2/repository/jakarta/xml/bind/jakarta.xml.bind-api/2.3.2/jakarta.xml.bind-api-2.3.2.jar:/home/boegebjerg/.m2/repository/jakarta/activation/jakarta.activation-api/1.2.1/jakarta.activation-api-1.2.1.jar:/home/boegebjerg/.m2/repository/com/github/bbottema/emailaddress-rfc2822/2.2.0/emailaddress-rfc2822-2.2.0.jar:/home/boegebjerg/.m2/repository/com/github/bbottema/jetbrains-runtime-annotations/1.0.0/jetbrains-runtime-annotations-1.0.0.jar:/home/boegebjerg/.m2/repository/org/apache/commons/commons-collections4/4.4/commons-collections4-4.4.jar:/home/boegebjerg/.m2/repository/ca/uhn/hapi/fhir/hapi-fhir-structures-r4/6.0.0/hapi-fhir-structures-r4-6.0.0.jar:/home/boegebjerg/.m2/repository/com/squareup/okhttp3/okhttp/3.8.1/okhttp-3.8.1.jar:/home/boegebjerg/.m2/repository/com/squareup/okio/okio/1.13.0/okio-1.13.0.jar:/home/boegebjerg/.m2/repository/ca/uhn/hapi/fhir/org.hl7.fhir.r4/5.6.36/org.hl7.fhir.r4-5.6.36.jar:/home/boegebjerg/.m2/repository/ca/uhn/hapi/fhir/hapi-fhir-validation-resources-r4/6.0.0/hapi-fhir-validation-resources-r4-6.0.0.jar:/home/boegebjerg/.m2/repository/com/phloc/phloc-schematron/2.7.0/phloc-schematron-2.7.0.jar:/home/boegebjerg/.m2/repository/com/phloc/phloc-commons/4.3.3/phloc-commons-4.3.3.jar:/home/boegebjerg/.m2/repository/com/google/code/findbugs/annotations/2.0.3/annotations-2.0.3.jar:/home/boegebjerg/.m2/repository/net/sf/saxon/Saxon-HE/9.5.1-5/Saxon-HE-9.5.1-5.jar:/home/boegebjerg/.m2/repository/ch/qos/logback/logback-classic/1.2.3/logback-classic-1.2.3.jar:/home/boegebjerg/.m2/repository/ch/qos/logback/logback-core/1.2.3/logback-core-1.2.3.jar:/home/boegebjerg/.m2/repository/javax/servlet/javax.servlet-api/3.0.1/javax.servlet-api-3.0.1.jar:/home/boegebjerg/.m2/repository/org/apache/derby/derby/10.14.2.0/derby-10.14.2.0.jar:/home/boegebjerg/.m2/repository/org/apache/derby/derbyclient/10.14.2.0/derbyclient-10.14.2.0.jar:/home/boegebjerg/.m2/repository/org/apache/derby/derbytools/10.14.2.0/derbytools-10.14.2.0.jar:/home/boegebjerg/.m2/repository/org/json/json/20220924/json-20220924.jar:/home/boegebjerg/.m2/repository/org/junit/jupiter/junit-jupiter-engine/5.4.0/junit-jupiter-engine-5.4.0.jar:/home/boegebjerg/.m2/repository/org/apiguardian/apiguardian-api/1.0.0/apiguardian-api-1.0.0.jar:/home/boegebjerg/.m2/repository/org/junit/platform/junit-platform-engine/1.4.0/junit-platform-engine-1.4.0.jar:/home/boegebjerg/.m2/repository/org/opentest4j/opentest4j/1.1.1/opentest4j-1.1.1.jar:/home/boegebjerg/.m2/repository/org/junit/platform/junit-platform-commons/1.4.0/junit-platform-commons-1.4.0.jar:/home/boegebjerg/.m2/repository/org/junit/jupiter/junit-jupiter-api/5.4.0/junit-jupiter-api-5.4.0.jar:/home/boegebjerg/.m2/repository/org/mockito/mockito-core/2.22.0/mockito-core-2.22.0.jar:/home/boegebjerg/.m2/repository/net/bytebuddy/byte-buddy/1.8.21/byte-buddy-1.8.21.jar:/home/boegebjerg/.m2/repository/net/bytebuddy/byte-buddy-agent/1.8.21/byte-buddy-agent-1.8.21.jar:/home/boegebjerg/.m2/repository/org/objenesis/objenesis/2.6/objenesis-2.6.jar:"/>
    <property name="sun.cpu.endian" value="little"/>
    <property name="user.home" value="/home/boegebjerg"/>
    <property name="user.language" value="en"/>
    <property name="java.specification.vendor" value="Oracle Corporation"/>
    <property name="java.version.date" value="2022-10-18"/>
    <property name="java.home" value="/usr/lib/jvm/java-11-openjdk-amd64"/>
    <property name="file.separator" value="/"/>
    <property name="basedir" value="/home/boegebjerg/programming/federation"/>
    <property name="java.vm.compressedOopsMode" value="Zero based"/>
    <property name="line.separator" value="&#10;"/>
    <property name="java.specification.name" value="Java Platform API Specification"/>
    <property name="java.vm.specification.vendor" value="Oracle Corporation"/>
    <property name="java.awt.graphicsenv" value="sun.awt.X11GraphicsEnvironment"/>
    <property name="surefire.real.class.path" value="/home/boegebjerg/programming/federation/target/surefire/surefirebooter-20221212062443642_3.jar"/>
    <property name="sun.management.compiler" value="HotSpot 64-Bit Tiered Compilers"/>
    <property name="java.runtime.version" value="11.0.17+8-post-Ubuntu-1ubuntu222.04"/>
    <property name="user.name" value="boegebjerg"/>
    <property name="path.separator" value=":"/>
    <property name="os.version" value="5.15.0-56-generic"/>
    <property name="java.runtime.name" value="OpenJDK Runtime Environment"/>
    <property name="file.encoding" value="UTF-8"/>
    <property name="java.vm.name" value="OpenJDK 64-Bit Server VM"/>
    <property name="localRepository" value="/home/boegebjerg/.m2/repository"/>
    <property name="java.vendor.url.bug" value="https://bugs.launchpad.net/ubuntu/+source/openjdk-lts"/>
    <property name="java.io.tmpdir" value="/tmp"/>
    <property name="java.version" value="11.0.17"/>
    <property name="user.dir" value="/home/boegebjerg/programming/federation"/>
    <property name="os.arch" value="amd64"/>
    <property name="java.vm.specification.name" value="Java Virtual Machine Specification"/>
    <property name="java.awt.printerjob" value="sun.print.PSPrinterJob"/>
    <property name="sun.os.patch.level" value="unknown"/>
    <property name="java.library.path" value="/usr/java/packages/lib:/usr/lib/x86_64-linux-gnu/jni:/lib/x86_64-linux-gnu:/usr/lib/x86_64-linux-gnu:/usr/lib/jni:/lib:/usr/lib"/>
    <property name="java.vm.info" value="mixed mode, sharing"/>
    <property name="java.vendor" value="Ubuntu"/>
    <property name="java.vm.version" value="11.0.17+8-post-Ubuntu-1ubuntu222.04"/>
    <property name="sun.io.unicode.encoding" value="UnicodeLittle"/>
    <property name="java.class.version" value="55.0"/>
  </properties>
  <testcase name="Read_GivenFakeIdOnRDBMS_Failure" classname="io.segtnan.hapi.SegtnanQuestionnaireResponseResourceProviderTest" time="0.051">
    <system-out><![CDATA[06:24:47.714 INFO  ca.uhn.fhir.context.FhirContext Creating new FHIR context for FHIR version [R4]
]]></system-out>
  </testcase>
  <testcase name="Update_GivenPatientOnRDBMS_ReadAndRollbackSuccessful" classname="io.segtnan.hapi.SegtnanQuestionnaireResponseResourceProviderTest" time="0.622">
    <system-out><![CDATA[06:24:48.010 INFO  ca.uhn.fhir.context.FhirContext Creating new FHIR context for FHIR version [R4]
]]></system-out>
  </testcase>
</testsuite>